<?xml version="1.0" encoding="UTF-8"?>
<testsuite xmlns:xsi="http://www.w3.org/2001/XMLSchema-instance" xsi:noNamespaceSchemaLocation="https://maven.apache.org/surefire/maven-surefire-plugin/xsd/surefire-test-report-3.0.xsd" version="3.0" name="runner.TestRunner" time="92.624" tests="10" errors="0" skipped="0" failures="0">
  <properties>
[...]
</properties>
  <testcase name="click on about us in footer and goto Twitter" classname="Contatc Us" time="9.289">
    <system-out><![CDATA[&amp#27;[32m.&amp#27;[0m2022-03-26 08:55:46 INFO  BaseClass:19 - Open NoBroker
2022-03-26 08:55:48 INFO  BaseClass:19 - NoBroker as opened
&amp#27;[32m.&amp#27;[0m2022-03-26 08:55:48 INFO  Footer:19 - Clicking on About Us
2022-03-26 08:55:49 INFO  Footer:19 - About Us page has opened
&amp#27;[32m.&amp#27;[0m2022-03-26 08:55:49 INFO  HomePage:19 - Clicking on Contact Us
2022-03-26 08:55:50 INFO  HomePage:19 - Contact Us section is open
2022-03-26 08:55:50 INFO  HomePage:19 - Clicking on twitter icon in contact us
2022-03-26 08:55:52 INFO  HomePage:19 - Twitter has opened
&amp#27;[32m.&amp#27;[0m&amp#27;[32m.&amp#27;[0m]]></system-out>
    <system-err><![CDATA[Starting ChromeDriver 98.0.4758.80 (7f0488e8ba0d8e019187c6325a16c29d9b7f4989-refs/branch-heads/4758@{#972}) on port 13306
Only local connections are allowed.
Please see https://chromedriver.chromium.org/security-considerations for suggestions on keeping ChromeDriver safe.
ChromeDriver was started successfully.
[1648265145.851][WARNING]: This version of ChromeDriver has not been tested with Chrome version 99.
Mar 26, 2022 8:55:45 AM org.openqa.selenium.remote.ProtocolHandshake createSession
INFO: Detected dialect: W3C
log4j:WARN No such property [maxBackupIndex] in org.apache.log4j.DailyRollingFileAppender.
log4j:WARN No such property [maxFileSize] in org.apache.log4j.DailyRollingFileAppender.
log4j:ERROR Could not find value for key log4j.appender.DEBUG
log4j:ERROR Could not instantiate appender named "DEBUG".
log4j:ERROR Failed to rename [./Logs/nobroker.log] to [./Logs/nobroker.log.2022-03-25 17:47:57].
]]></system-err>
  </testcase>
  <testcase name="search property to buy open property article" classname="search property" time="9.131">
    <system-out><![CDATA[&amp#27;[32m.&amp#27;[0m2022-03-26 08:55:54 INFO  BaseClass:19 - Open NoBroker
2022-03-26 08:55:56 INFO  BaseClass:19 - NoBroker as opened
&amp#27;[32m.&amp#27;[0m2022-03-26 08:55:56 INFO  HomePage:19 - Clicking on buy option
2022-03-26 08:55:56 INFO  HomePage:19 - buy is selected
&amp#27;[32m.&amp#27;[0m2022-03-26 08:55:56 INFO  HomePage:19 - Clicking on city dropdown and selecting Mumbai
2022-03-26 08:55:57 INFO  HomePage:19 - Mumbai selected
&amp#27;[32m.&amp#27;[0m2022-03-26 08:55:57 INFO  HomePage:19 - Clicking on dropdown and selecting 1 BHK
2022-03-26 08:55:57 INFO  HomePage:19 - 1 BHK is selected
2022-03-26 08:55:57 INFO  HomePage:19 - Clicking on dropdown and selecting Ready
2022-03-26 08:55:57 INFO  HomePage:19 - Ready is selected
&amp#27;[32m.&amp#27;[0m2022-03-26 08:55:57 INFO  HomePage:19 - Typing Colaba, Mumbai, Maharashtra, India in search bar and clicking on search button
2022-03-26 08:56:00 INFO  HomePage:19 - Property list page is  opened
&amp#27;[32m.&amp#27;[0m2022-03-26 08:56:00 INFO  HomePage:19 - Clicking on a property artical
2022-03-26 08:56:01 INFO  HomePage:19 - Property article opened in another page
&amp#27;[32m.&amp#27;[0m2022-03-26 08:56:01 INFO  HomePage:19 - Clicking on photos
2022-03-26 08:56:01 INFO  HomePage:19 - Photo Lighbox of the property has opened
&amp#27;[32m.&amp#27;[0m&amp#27;[32m.&amp#27;[0m]]></system-out>
    <system-err><![CDATA[Starting ChromeDriver 98.0.4758.80 (7f0488e8ba0d8e019187c6325a16c29d9b7f4989-refs/branch-heads/4758@{#972}) on port 2377
Only local connections are allowed.
Please see https://chromedriver.chromium.org/security-considerations for suggestions on keeping ChromeDriver safe.
ChromeDriver was started successfully.
[1648265154.431][WARNING]: This version of ChromeDriver has not been tested with Chrome version 99.
Mar 26, 2022 8:55:54 AM org.openqa.selenium.remote.ProtocolHandshake createSession
INFO: Detected dialect: W3C
log4j:ERROR Failed to rename [./Logs/nobroker.log] to [./Logs/nobroker.log.2022-03-26 08:55:46].
]]></system-err>
  </testcase>
  <testcase name="search property to buy open properties map" classname="search property" time="10.702">
    <system-out><![CDATA[&amp#27;[32m.&amp#27;[0m2022-03-26 08:56:03 INFO  BaseClass:19 - Open NoBroker
2022-03-26 08:56:05 INFO  BaseClass:19 - NoBroker as opened
&amp#27;[32m.&amp#27;[0m2022-03-26 08:56:05 INFO  HomePage:19 - Clicking on buy option
2022-03-26 08:56:06 INFO  HomePage:19 - buy is selected
&amp#27;[32m.&amp#27;[0m2022-03-26 08:56:06 INFO  HomePage:19 - Clicking on city dropdown and selecting Mumbai
2022-03-26 08:56:06 INFO  HomePage:19 - Mumbai selected
&amp#27;[32m.&amp#27;[0m2022-03-26 08:56:06 INFO  HomePage:19 - Clicking on dropdown and selecting 1 BHK
2022-03-26 08:56:07 INFO  HomePage:19 - 1 BHK is selected
2022-03-26 08:56:07 INFO  HomePage:19 - Clicking on dropdown and selecting Ready
2022-03-26 08:56:07 INFO  HomePage:19 - Ready is selected
&amp#27;[32m.&amp#27;[0m2022-03-26 08:56:07 INFO  HomePage:19 - Typing Colaba, Mumbai, Maharashtra, India in search bar and clicking on search button
2022-03-26 08:56:09 INFO  HomePage:19 - Property list page is  opened
&amp#27;[32m.&amp#27;[0m2022-03-26 08:56:09 INFO  HomePage:19 - Clicking on map display
2022-03-26 08:56:10 INFO  HomePage:19 - map is selected
2022-03-26 08:56:10 INFO  HomePage:19 - Clicking on fullscreen button on the map
2022-03-26 08:56:12 INFO  HomePage:19 - Map has opened in fullscreen
&amp#27;[32m.&amp#27;[0m&amp#27;[32m.&amp#27;[0m]]></system-out>
    <system-err><![CDATA[Starting ChromeDriver 98.0.4758.80 (7f0488e8ba0d8e019187c6325a16c29d9b7f4989-refs/branch-heads/4758@{#972}) on port 32941
Only local connections are allowed.
Please see https://chromedriver.chromium.org/security-considerations for suggestions on keeping ChromeDriver safe.
ChromeDriver was started successfully.
[1648265163.526][WARNING]: This version of ChromeDriver has not been tested with Chrome version 99.
Mar 26, 2022 8:56:03 AM org.openqa.selenium.remote.ProtocolHandshake createSession
INFO: Detected dialect: W3C
]]></system-err>
  </testcase>
  <testcase name="search property to buy open properties map" classname="search property" time="11.216">
    <system-out><![CDATA[&amp#27;[32m.&amp#27;[0m2022-03-26 08:56:23 INFO  BaseClass:19 - Open NoBroker
2022-03-26 08:56:25 INFO  BaseClass:19 - NoBroker as opened
&amp#27;[32m.&amp#27;[0m2022-03-26 08:56:25 INFO  HomePage:19 - Clicking on commercial option
2022-03-26 08:56:26 INFO  HomePage:19 - commercial is selected
&amp#27;[32m.&amp#27;[0m2022-03-26 08:56:26 INFO  HomePage:19 - Clicking on city dropdown and selecting Pune
2022-03-26 08:56:26 INFO  HomePage:19 - Pune selected
&amp#27;[32m.&amp#27;[0m2022-03-26 08:56:26 INFO  HomePage:19 - Clicking on buy option
2022-03-26 08:56:26 INFO  HomePage:19 - buy is selected
&amp#27;[32m.&amp#27;[0m2022-03-26 08:56:26 INFO  HomePage:19 - Clicking on dropdown and selecting Office Space
2022-03-26 08:56:27 INFO  HomePage:19 - Office Space is selected
&amp#27;[32m.&amp#27;[0m2022-03-26 08:56:27 INFO  HomePage:19 - Typing Kothrud, Pune, Maharashtra, India in search bar and clicking on search button
2022-03-26 08:56:29 INFO  HomePage:19 - Property list page is  opened
&amp#27;[32m.&amp#27;[0m2022-03-26 08:56:29 INFO  HomePage:19 - Clicking on map display
2022-03-26 08:56:30 INFO  HomePage:19 - map is selected
2022-03-26 08:56:30 INFO  HomePage:19 - Clicking on fullscreen button on the map
2022-03-26 08:56:33 INFO  HomePage:19 - Map has opened in fullscreen
&amp#27;[32m.&amp#27;[0m&amp#27;[32m.&amp#27;[0m]]></system-out>
    <system-err><![CDATA[Starting ChromeDriver 98.0.4758.80 (7f0488e8ba0d8e019187c6325a16c29d9b7f4989-refs/branch-heads/4758@{#972}) on port 35658
Only local connections are allowed.
Please see https://chromedriver.chromium.org/security-considerations for suggestions on keeping ChromeDriver safe.
ChromeDriver was started successfully.
[1648265183.745][WARNING]: This version of ChromeDriver has not been tested with Chrome version 99.
Mar 26, 2022 8:56:23 AM org.openqa.selenium.remote.ProtocolHandshake createSession
INFO: Detected dialect: W3C
]]></system-err>
  </testcase>
  <testcase name="search property for commercial open property article" classname="search property" time="9.451">
    <system-out><![CDATA[&amp#27;[32m.&amp#27;[0m2022-03-26 08:56:14 INFO  BaseClass:19 - Open NoBroker
2022-03-26 08:56:16 INFO  BaseClass:19 - NoBroker as opened
&amp#27;[32m.&amp#27;[0m2022-03-26 08:56:16 INFO  HomePage:19 - Clicking on commercial option
2022-03-26 08:56:16 INFO  HomePage:19 - commercial is selected
&amp#27;[32m.&amp#27;[0m2022-03-26 08:56:16 INFO  HomePage:19 - Clicking on city dropdown and selecting Pune
2022-03-26 08:56:17 INFO  HomePage:19 - Pune selected
&amp#27;[32m.&amp#27;[0m2022-03-26 08:56:17 INFO  HomePage:19 - Clicking on buy option
2022-03-26 08:56:17 INFO  HomePage:19 - buy is selected
&amp#27;[32m.&amp#27;[0m2022-03-26 08:56:17 INFO  HomePage:19 - Clicking on dropdown and selecting Office Space
2022-03-26 08:56:18 INFO  HomePage:19 - Office Space is selected
&amp#27;[32m.&amp#27;[0m2022-03-26 08:56:18 INFO  HomePage:19 - Typing Kothrud, Pune, Maharashtra, India in search bar and clicking on search button
2022-03-26 08:56:20 INFO  HomePage:19 - Property list page is  opened
&amp#27;[32m.&amp#27;[0m2022-03-26 08:56:20 INFO  HomePage:19 - Clicking on a property artical
2022-03-26 08:56:21 INFO  HomePage:19 - Property article opened in another page
&amp#27;[32m.&amp#27;[0m2022-03-26 08:56:21 INFO  HomePage:19 - Clicking on photos
2022-03-26 08:56:22 INFO  HomePage:19 - Photo Lighbox of the property has opened
&amp#27;[32m.&amp#27;[0m&amp#27;[32m.&amp#27;[0m]]></system-out>
    <system-err><![CDATA[Starting ChromeDriver 98.0.4758.80 (7f0488e8ba0d8e019187c6325a16c29d9b7f4989-refs/branch-heads/4758@{#972}) on port 12982
Only local connections are allowed.
Please see https://chromedriver.chromium.org/security-considerations for suggestions on keeping ChromeDriver safe.
ChromeDriver was started successfully.
[1648265174.236][WARNING]: This version of ChromeDriver has not been tested with Chrome version 99.
Mar 26, 2022 8:56:14 AM org.openqa.selenium.remote.ProtocolHandshake createSession
INFO: Detected dialect: W3C
]]></system-err>
  </testcase>
  <testcase name="search property to rent open property article" classname="search property" time="9.82">
    <system-out><![CDATA[&amp#27;[32m.&amp#27;[0m2022-03-26 08:56:51 INFO  BaseClass:19 - Open NoBroker
2022-03-26 08:56:53 INFO  BaseClass:19 - NoBroker as opened
&amp#27;[32m.&amp#27;[0m2022-03-26 08:56:53 INFO  HomePage:19 - Clicking on rent option
2022-03-26 08:56:54 INFO  HomePage:19 - rent is selected
&amp#27;[32m.&amp#27;[0m2022-03-26 08:56:54 INFO  HomePage:19 - Clicking on city dropdown and selecting Bangalore
2022-03-26 08:56:54 INFO  HomePage:19 - Bangalore selected
&amp#27;[32m.&amp#27;[0m2022-03-26 08:56:54 INFO  HomePage:19 - Clicking on full house option
2022-03-26 08:56:54 INFO  HomePage:19 - full house is selected
&amp#27;[32m.&amp#27;[0m2022-03-26 08:56:54 INFO  HomePage:19 - Clicking on dropdown and selecting 1 RK
2022-03-26 08:56:54 INFO  HomePage:19 - 1 RK is selected
2022-03-26 08:56:54 INFO  HomePage:19 - Clicking on dropdown and selecting Immediate
2022-03-26 08:56:55 INFO  HomePage:19 - Immediate is selected
&amp#27;[32m.&amp#27;[0m2022-03-26 08:56:55 INFO  HomePage:19 - Typing Basavanagudi, Bengaluru, Karnataka, India in search bar and clicking on search button
2022-03-26 08:56:57 INFO  HomePage:19 - Property list page is  opened
&amp#27;[32m.&amp#27;[0m2022-03-26 08:56:57 INFO  HomePage:19 - Clicking on a property artical
2022-03-26 08:56:58 INFO  HomePage:19 - Property article opened in another page
&amp#27;[32m.&amp#27;[0m2022-03-26 08:56:58 INFO  HomePage:19 - Clicking on photos
2022-03-26 08:56:59 INFO  HomePage:19 - Photo Lighbox of the property has opened
&amp#27;[32m.&amp#27;[0m&amp#27;[32m.&amp#27;[0m]]></system-out>
    <system-err><![CDATA[Starting ChromeDriver 98.0.4758.80 (7f0488e8ba0d8e019187c6325a16c29d9b7f4989-refs/branch-heads/4758@{#972}) on port 45127
Only local connections are allowed.
Please see https://chromedriver.chromium.org/security-considerations for suggestions on keeping ChromeDriver safe.
ChromeDriver was started successfully.
[1648265211.264][WARNING]: This version of ChromeDriver has not been tested with Chrome version 99.
Mar 26, 2022 8:56:51 AM org.openqa.selenium.remote.ProtocolHandshake createSession
INFO: Detected dialect: W3C
]]></system-err>
  </testcase>
  <testcase name="search property to rent open property map" classname="search property" time="11.597">
    <system-out><![CDATA[&amp#27;[32m.&amp#27;[0m2022-03-26 08:57:01 INFO  BaseClass:19 - Open NoBroker
2022-03-26 08:57:03 INFO  BaseClass:19 - NoBroker as opened
&amp#27;[32m.&amp#27;[0m2022-03-26 08:57:03 INFO  HomePage:19 - Clicking on rent option
2022-03-26 08:57:04 INFO  HomePage:19 - rent is selected
&amp#27;[32m.&amp#27;[0m2022-03-26 08:57:04 INFO  HomePage:19 - Clicking on city dropdown and selecting Bangalore
2022-03-26 08:57:04 INFO  HomePage:19 - Bangalore selected
&amp#27;[32m.&amp#27;[0m2022-03-26 08:57:04 INFO  HomePage:19 - Clicking on full house option
2022-03-26 08:57:04 INFO  HomePage:19 - full house is selected
&amp#27;[32m.&amp#27;[0m2022-03-26 08:57:04 INFO  HomePage:19 - Clicking on dropdown and selecting 1 RK
2022-03-26 08:57:04 INFO  HomePage:19 - 1 RK is selected
2022-03-26 08:57:04 INFO  HomePage:19 - Clicking on dropdown and selecting Immediate
2022-03-26 08:57:05 INFO  HomePage:19 - Immediate is selected
&amp#27;[32m.&amp#27;[0m2022-03-26 08:57:05 INFO  HomePage:19 - Typing Basavanagudi, Bengaluru, Karnataka, India in search bar and clicking on search button
2022-03-26 08:57:06 INFO  HomePage:19 - Property list page is  opened
&amp#27;[32m.&amp#27;[0m2022-03-26 08:57:06 INFO  HomePage:19 - Clicking on map display
2022-03-26 08:57:08 INFO  HomePage:19 - map is selected
2022-03-26 08:57:08 INFO  HomePage:19 - Clicking on fullscreen button on the map
2022-03-26 08:57:10 INFO  HomePage:19 - Map has opened in fullscreen
&amp#27;[32m.&amp#27;[0m&amp#27;[32m.&amp#27;[0m]]></system-out>
    <system-err><![CDATA[Starting ChromeDriver 98.0.4758.80 (7f0488e8ba0d8e019187c6325a16c29d9b7f4989-refs/branch-heads/4758@{#972}) on port 10793
Only local connections are allowed.
Please see https://chromedriver.chromium.org/security-considerations for suggestions on keeping ChromeDriver safe.
ChromeDriver was started successfully.
[1648265221.095][WARNING]: This version of ChromeDriver has not been tested with Chrome version 99.
Mar 26, 2022 8:57:01 AM org.openqa.selenium.remote.ProtocolHandshake createSession
INFO: Detected dialect: W3C
log4j:ERROR Failed to rename [./Logs/nobroker.log] to [./Logs/nobroker.log.2022-03-26 08:56:00].
]]></system-err>
  </testcase>
  <testcase name="click on emi calculator in footer and calculate emi" classname="Emi calculator" time="6.537">
    <system-out><![CDATA[&amp#27;[32m.&amp#27;[0m2022-03-26 08:56:35 INFO  BaseClass:19 - Open NoBroker
2022-03-26 08:56:37 INFO  BaseClass:19 - NoBroker as opened
&amp#27;[32m.&amp#27;[0m2022-03-26 08:56:37 INFO  Footer:19 - Clicking on emi calculator
2022-03-26 08:56:39 INFO  Footer:19 - Emi calculator page has opened
&amp#27;[32m.&amp#27;[0m2022-03-26 08:56:39 INFO  HomePage:19 - Entering 200040 loan amount
&amp#27;[32m.&amp#27;[0m2022-03-26 08:56:39 INFO  HomePage:19 - Entering 10 rate of interest
&amp#27;[32m.&amp#27;[0m2022-03-26 08:56:39 INFO  HomePage:19 - Entering 30 loan tenure
&amp#27;[32m.&amp#27;[0m2022-03-26 08:56:40 INFO  HomePage:19 - Emi is calculated
&amp#27;[32m.&amp#27;[0m&amp#27;[32m.&amp#27;[0m]]></system-out>
    <system-err><![CDATA[Starting ChromeDriver 98.0.4758.80 (7f0488e8ba0d8e019187c6325a16c29d9b7f4989-refs/branch-heads/4758@{#972}) on port 11912
Only local connections are allowed.
Please see https://chromedriver.chromium.org/security-considerations for suggestions on keeping ChromeDriver safe.
ChromeDriver was started successfully.
[1648265194.972][WARNING]: This version of ChromeDriver has not been tested with Chrome version 99.
Mar 26, 2022 8:56:35 AM org.openqa.selenium.remote.ProtocolHandshake createSession
INFO: Detected dialect: W3C
]]></system-err>
  </testcase>
  <testcase name="click on menu and goto wallet" classname="Interior" time="9.802">
    <system-out><![CDATA[&amp#27;[32m.&amp#27;[0m&amp#27;[32m.&amp#27;[0m2022-03-26 08:56:41 INFO  BaseClass:19 - Open NoBroker
2022-03-26 08:56:43 INFO  BaseClass:19 - NoBroker as opened
&amp#27;[32m.&amp#27;[0m2022-03-26 08:56:43 INFO  HomePage:19 - Clicking on Hamburger menu
2022-03-26 08:56:43 INFO  HomePage:19 - Menu is open
&amp#27;[32m.&amp#27;[0m2022-03-26 08:56:43 INFO  HomePage:19 - Clicking on Home Services and Interiors
2022-03-26 08:56:48 INFO  HomePage:19 - Interiors page has opened
&amp#27;[32m.&amp#27;[0m2022-03-26 08:56:48 INFO  HomePage:19 - Clicking on Rooms to see photos
2022-03-26 08:56:50 INFO  HomePage:19 - Room photos are displayed
&amp#27;[32m.&amp#27;[0m&amp#27;[32m.&amp#27;[0m]]></system-out>
    <system-err><![CDATA[Starting ChromeDriver 98.0.4758.80 (7f0488e8ba0d8e019187c6325a16c29d9b7f4989-refs/branch-heads/4758@{#972}) on port 46916
Only local connections are allowed.
Please see https://chromedriver.chromium.org/security-considerations for suggestions on keeping ChromeDriver safe.
ChromeDriver was started successfully.
[1648265201.463][WARNING]: This version of ChromeDriver has not been tested with Chrome version 99.
Mar 26, 2022 8:56:41 AM org.openqa.selenium.remote.ProtocolHandshake createSession
INFO: Detected dialect: W3C
]]></system-err>
  </testcase>
  <testcase name="click on menu and goto wallet" classname="Wallet" time="4.69">
    <system-out><![CDATA[&amp#27;[32m.&amp#27;[0m&amp#27;[32m.&amp#27;[0m2022-03-26 08:57:13 INFO  BaseClass:19 - Open NoBroker
2022-03-26 08:57:14 INFO  BaseClass:19 - NoBroker as opened
&amp#27;[32m.&amp#27;[0m2022-03-26 08:57:14 INFO  HomePage:19 - Clicking on Hamburger menu
2022-03-26 08:57:14 INFO  HomePage:19 - Menu is open
&amp#27;[32m.&amp#27;[0m2022-03-26 08:57:14 INFO  HomePage:19 - Clicking on NBcash and wallet summary
2022-03-26 08:57:15 INFO  HomePage:19 - Wallet Summary page has opened
&amp#27;[32m.&amp#27;[0m2022-03-26 08:57:15 INFO  HomePage:19 - Cliking on Join club
2022-03-26 08:57:16 INFO  HomePage:19 - Wallet club page has opened
&amp#27;[32m.&amp#27;[0m&amp#27;[32m.&amp#27;[0m]]></system-out>
    <system-err><![CDATA[Starting ChromeDriver 98.0.4758.80 (7f0488e8ba0d8e019187c6325a16c29d9b7f4989-refs/branch-heads/4758@{#972}) on port 5565
Only local connections are allowed.
Please see https://chromedriver.chromium.org/security-considerations for suggestions on keeping ChromeDriver safe.
ChromeDriver was started successfully.
[1648265232.678][WARNING]: This version of ChromeDriver has not been tested with Chrome version 99.
Mar 26, 2022 8:57:12 AM org.openqa.selenium.remote.ProtocolHandshake createSession
INFO: Detected dialect: W3C
]]></system-err>
  </testcase>
</testsuite>