<?xml version="1.0" encoding="UTF-8"?>
<testsuite xmlns:xsi="http://www.w3.org/2001/XMLSchema-instance" xsi:noNamespaceSchemaLocation="https://maven.apache.org/surefire/maven-surefire-plugin/xsd/surefire-test-report-3.0.xsd" version="3.0" name="runner.TestRunner" time="123.287" tests="10" errors="0" skipped="0" failures="0">
  <properties>
[...]
</properties>
  <testcase name="click on about us in footer and goto Twitter" classname="Contatc Us" time="9.254">
    <system-out><![CDATA[&amp#27;[32m.&amp#27;[0m2022-03-26 09:06:26 INFO  BaseClass:19 - Open NoBroker
2022-03-26 09:06:28 INFO  BaseClass:19 - NoBroker as opened
&amp#27;[32m.&amp#27;[0m2022-03-26 09:06:28 INFO  Footer:19 - Clicking on About Us
2022-03-26 09:06:29 INFO  Footer:19 - About Us page has opened
&amp#27;[32m.&amp#27;[0m2022-03-26 09:06:29 INFO  HomePage:19 - Clicking on Contact Us
2022-03-26 09:06:29 INFO  HomePage:19 - Contact Us section is open
2022-03-26 09:06:29 INFO  HomePage:19 - Clicking on twitter icon in contact us
2022-03-26 09:06:32 INFO  HomePage:19 - Twitter has opened
&amp#27;[32m.&amp#27;[0m&amp#27;[32m.&amp#27;[0m]]></system-out>
    <system-err><![CDATA[Starting ChromeDriver 98.0.4758.80 (7f0488e8ba0d8e019187c6325a16c29d9b7f4989-refs/branch-heads/4758@{#972}) on port 40513
Only local connections are allowed.
Please see https://chromedriver.chromium.org/security-considerations for suggestions on keeping ChromeDriver safe.
ChromeDriver was started successfully.
[1648265785.379][WARNING]: This version of ChromeDriver has not been tested with Chrome version 99.
Mar 26, 2022 9:06:25 AM org.openqa.selenium.remote.ProtocolHandshake createSession
INFO: Detected dialect: W3C
log4j:WARN No such property [maxBackupIndex] in org.apache.log4j.DailyRollingFileAppender.
log4j:WARN No such property [maxFileSize] in org.apache.log4j.DailyRollingFileAppender.
log4j:ERROR Could not find value for key log4j.appender.DEBUG
log4j:ERROR Could not instantiate appender named "DEBUG".
log4j:ERROR Failed to rename [./Logs/nobroker.log] to [./Logs/nobroker.log.2022-03-26 08:57:16].
]]></system-err>
  </testcase>
  <testcase name="search property to buy open property article" classname="search property" time="9.234">
    <system-out><![CDATA[&amp#27;[32m.&amp#27;[0m2022-03-26 09:06:34 INFO  BaseClass:19 - Open NoBroker
2022-03-26 09:06:36 INFO  BaseClass:19 - NoBroker as opened
&amp#27;[32m.&amp#27;[0m2022-03-26 09:06:36 INFO  HomePage:19 - Clicking on buy option
2022-03-26 09:06:36 INFO  HomePage:19 - buy is selected
&amp#27;[32m.&amp#27;[0m2022-03-26 09:06:36 INFO  HomePage:19 - Clicking on city dropdown and selecting Mumbai
2022-03-26 09:06:37 INFO  HomePage:19 - Mumbai selected
&amp#27;[32m.&amp#27;[0m2022-03-26 09:06:37 INFO  HomePage:19 - Clicking on dropdown and selecting 1 BHK
2022-03-26 09:06:37 INFO  HomePage:19 - 1 BHK is selected
2022-03-26 09:06:37 INFO  HomePage:19 - Clicking on dropdown and selecting Ready
2022-03-26 09:06:37 INFO  HomePage:19 - Ready is selected
&amp#27;[32m.&amp#27;[0m2022-03-26 09:06:37 INFO  HomePage:19 - Typing Colaba, Mumbai, Maharashtra, India in search bar and clicking on search button
2022-03-26 09:06:39 INFO  HomePage:19 - Property list page is  opened
&amp#27;[32m.&amp#27;[0m2022-03-26 09:06:39 INFO  HomePage:19 - Clicking on a property artical
2022-03-26 09:06:40 INFO  HomePage:19 - Property article opened in another page
&amp#27;[32m.&amp#27;[0m2022-03-26 09:06:40 INFO  HomePage:19 - Clicking on photos
2022-03-26 09:06:41 INFO  HomePage:19 - Photo Lighbox of the property has opened
&amp#27;[32m.&amp#27;[0m&amp#27;[32m.&amp#27;[0m]]></system-out>
    <system-err><![CDATA[Starting ChromeDriver 98.0.4758.80 (7f0488e8ba0d8e019187c6325a16c29d9b7f4989-refs/branch-heads/4758@{#972}) on port 3675
Only local connections are allowed.
Please see https://chromedriver.chromium.org/security-considerations for suggestions on keeping ChromeDriver safe.
ChromeDriver was started successfully.
[1648265794.058][WARNING]: This version of ChromeDriver has not been tested with Chrome version 99.
Mar 26, 2022 9:06:34 AM org.openqa.selenium.remote.ProtocolHandshake createSession
INFO: Detected dialect: W3C
]]></system-err>
  </testcase>
  <testcase name="search property to buy open properties map" classname="search property" time="10.382">
    <system-out><![CDATA[&amp#27;[32m.&amp#27;[0m2022-03-26 09:06:43 INFO  BaseClass:19 - Open NoBroker
2022-03-26 09:06:45 INFO  BaseClass:19 - NoBroker as opened
&amp#27;[32m.&amp#27;[0m2022-03-26 09:06:45 INFO  HomePage:19 - Clicking on buy option
2022-03-26 09:06:45 INFO  HomePage:19 - buy is selected
&amp#27;[32m.&amp#27;[0m2022-03-26 09:06:45 INFO  HomePage:19 - Clicking on city dropdown and selecting Mumbai
2022-03-26 09:06:46 INFO  HomePage:19 - Mumbai selected
&amp#27;[32m.&amp#27;[0m2022-03-26 09:06:46 INFO  HomePage:19 - Clicking on dropdown and selecting 1 BHK
2022-03-26 09:06:46 INFO  HomePage:19 - 1 BHK is selected
2022-03-26 09:06:46 INFO  HomePage:19 - Clicking on dropdown and selecting Ready
2022-03-26 09:06:46 INFO  HomePage:19 - Ready is selected
&amp#27;[32m.&amp#27;[0m2022-03-26 09:06:46 INFO  HomePage:19 - Typing Colaba, Mumbai, Maharashtra, India in search bar and clicking on search button
2022-03-26 09:06:49 INFO  HomePage:19 - Property list page is  opened
&amp#27;[32m.&amp#27;[0m2022-03-26 09:06:49 INFO  HomePage:19 - Clicking on map display
2022-03-26 09:06:50 INFO  HomePage:19 - map is selected
2022-03-26 09:06:50 INFO  HomePage:19 - Clicking on fullscreen button on the map
2022-03-26 09:06:52 INFO  HomePage:19 - Map has opened in fullscreen
&amp#27;[32m.&amp#27;[0m&amp#27;[32m.&amp#27;[0m]]></system-out>
    <system-err><![CDATA[Starting ChromeDriver 98.0.4758.80 (7f0488e8ba0d8e019187c6325a16c29d9b7f4989-refs/branch-heads/4758@{#972}) on port 7346
Only local connections are allowed.
Please see https://chromedriver.chromium.org/security-considerations for suggestions on keeping ChromeDriver safe.
ChromeDriver was started successfully.
[1648265803.290][WARNING]: This version of ChromeDriver has not been tested with Chrome version 99.
Mar 26, 2022 9:06:43 AM org.openqa.selenium.remote.ProtocolHandshake createSession
INFO: Detected dialect: W3C
]]></system-err>
  </testcase>
  <testcase name="search property to buy open properties map" classname="search property" time="11.819">
    <system-out><![CDATA[&amp#27;[32m.&amp#27;[0m2022-03-26 09:07:03 INFO  BaseClass:19 - Open NoBroker
2022-03-26 09:07:05 INFO  BaseClass:19 - NoBroker as opened
&amp#27;[32m.&amp#27;[0m2022-03-26 09:07:05 INFO  HomePage:19 - Clicking on commercial option
2022-03-26 09:07:05 INFO  HomePage:19 - commercial is selected
&amp#27;[32m.&amp#27;[0m2022-03-26 09:07:05 INFO  HomePage:19 - Clicking on city dropdown and selecting Pune
2022-03-26 09:07:06 INFO  HomePage:19 - Pune selected
&amp#27;[32m.&amp#27;[0m2022-03-26 09:07:06 INFO  HomePage:19 - Clicking on buy option
2022-03-26 09:07:06 INFO  HomePage:19 - buy is selected
&amp#27;[32m.&amp#27;[0m2022-03-26 09:07:06 INFO  HomePage:19 - Clicking on dropdown and selecting Office Space
2022-03-26 09:07:07 INFO  HomePage:19 - Office Space is selected
&amp#27;[32m.&amp#27;[0m2022-03-26 09:07:07 INFO  HomePage:19 - Typing Kothrud, Pune, Maharashtra, India in search bar and clicking on search button
2022-03-26 09:07:09 INFO  HomePage:19 - Property list page is  opened
&amp#27;[32m.&amp#27;[0m2022-03-26 09:07:09 INFO  HomePage:19 - Clicking on map display
2022-03-26 09:07:11 INFO  HomePage:19 - map is selected
2022-03-26 09:07:11 INFO  HomePage:19 - Clicking on fullscreen button on the map
2022-03-26 09:07:13 INFO  HomePage:19 - Map has opened in fullscreen
&amp#27;[32m.&amp#27;[0m&amp#27;[32m.&amp#27;[0m]]></system-out>
    <system-err><![CDATA[Starting ChromeDriver 98.0.4758.80 (7f0488e8ba0d8e019187c6325a16c29d9b7f4989-refs/branch-heads/4758@{#972}) on port 37619
Only local connections are allowed.
Please see https://chromedriver.chromium.org/security-considerations for suggestions on keeping ChromeDriver safe.
ChromeDriver was started successfully.
[1648265823.373][WARNING]: This version of ChromeDriver has not been tested with Chrome version 99.
Mar 26, 2022 9:07:03 AM org.openqa.selenium.remote.ProtocolHandshake createSession
INFO: Detected dialect: W3C
]]></system-err>
  </testcase>
  <testcase name="search property for commercial open property article" classname="search property" time="9.691">
    <system-out><![CDATA[&amp#27;[32m.&amp#27;[0m2022-03-26 09:06:53 INFO  BaseClass:19 - Open NoBroker
2022-03-26 09:06:56 INFO  BaseClass:19 - NoBroker as opened
&amp#27;[32m.&amp#27;[0m2022-03-26 09:06:56 INFO  HomePage:19 - Clicking on commercial option
2022-03-26 09:06:56 INFO  HomePage:19 - commercial is selected
&amp#27;[32m.&amp#27;[0m2022-03-26 09:06:56 INFO  HomePage:19 - Clicking on city dropdown and selecting Pune
2022-03-26 09:06:56 INFO  HomePage:19 - Pune selected
&amp#27;[32m.&amp#27;[0m2022-03-26 09:06:56 INFO  HomePage:19 - Clicking on buy option
2022-03-26 09:06:57 INFO  HomePage:19 - buy is selected
&amp#27;[32m.&amp#27;[0m2022-03-26 09:06:57 INFO  HomePage:19 - Clicking on dropdown and selecting Office Space
2022-03-26 09:06:57 INFO  HomePage:19 - Office Space is selected
&amp#27;[32m.&amp#27;[0m2022-03-26 09:06:57 INFO  HomePage:19 - Typing Kothrud, Pune, Maharashtra, India in search bar and clicking on search button
2022-03-26 09:06:59 INFO  HomePage:19 - Property list page is  opened
&amp#27;[32m.&amp#27;[0m2022-03-26 09:06:59 INFO  HomePage:19 - Clicking on a property artical
2022-03-26 09:07:00 INFO  HomePage:19 - Property article opened in another page
&amp#27;[32m.&amp#27;[0m2022-03-26 09:07:00 INFO  HomePage:19 - Clicking on photos
2022-03-26 09:07:01 INFO  HomePage:19 - Photo Lighbox of the property has opened
&amp#27;[32m.&amp#27;[0m&amp#27;[32m.&amp#27;[0m]]></system-out>
    <system-err><![CDATA[Starting ChromeDriver 98.0.4758.80 (7f0488e8ba0d8e019187c6325a16c29d9b7f4989-refs/branch-heads/4758@{#972}) on port 18370
Only local connections are allowed.
Please see https://chromedriver.chromium.org/security-considerations for suggestions on keeping ChromeDriver safe.
ChromeDriver was started successfully.
[1648265813.620][WARNING]: This version of ChromeDriver has not been tested with Chrome version 99.
Mar 26, 2022 9:06:53 AM org.openqa.selenium.remote.ProtocolHandshake createSession
INFO: Detected dialect: W3C
log4j:ERROR Failed to rename [./Logs/nobroker.log] to [./Logs/nobroker.log.2022-03-26 09:06:26].
]]></system-err>
  </testcase>
  <testcase name="search property to rent open property article" classname="search property" time="39.171">
    <system-out><![CDATA[&amp#27;[32m.&amp#27;[0m2022-03-26 09:07:32 INFO  BaseClass:19 - Open NoBroker
2022-03-26 09:07:34 INFO  BaseClass:19 - NoBroker as opened
&amp#27;[32m.&amp#27;[0m2022-03-26 09:07:34 INFO  HomePage:19 - Clicking on rent option
2022-03-26 09:07:34 INFO  HomePage:19 - rent is selected
&amp#27;[32m.&amp#27;[0m2022-03-26 09:07:34 INFO  HomePage:19 - Clicking on city dropdown and selecting Bangalore
2022-03-26 09:07:35 INFO  HomePage:19 - Bangalore selected
&amp#27;[32m.&amp#27;[0m2022-03-26 09:07:35 INFO  HomePage:19 - Clicking on full house option
2022-03-26 09:07:35 INFO  HomePage:19 - full house is selected
&amp#27;[32m.&amp#27;[0m2022-03-26 09:07:35 INFO  HomePage:19 - Clicking on dropdown and selecting 1 RK
2022-03-26 09:07:35 INFO  HomePage:19 - 1 RK is selected
2022-03-26 09:07:35 INFO  HomePage:19 - Clicking on dropdown and selecting Immediate
2022-03-26 09:07:35 INFO  HomePage:19 - Immediate is selected
&amp#27;[32m.&amp#27;[0m2022-03-26 09:07:35 INFO  HomePage:19 - Typing Basavanagudi, Bengaluru, Karnataka, India in search bar and clicking on search button
2022-03-26 09:07:37 INFO  HomePage:19 - Property list page is  opened
&amp#27;[32m.&amp#27;[0m2022-03-26 09:07:37 INFO  HomePage:19 - Clicking on a property artical
2022-03-26 09:08:08 INFO  HomePage:19 - Property article opened in another page
&amp#27;[32m.&amp#27;[0m2022-03-26 09:08:08 INFO  HomePage:19 - Clicking on photos
2022-03-26 09:08:09 INFO  HomePage:19 - Photo Lighbox of the property has opened
&amp#27;[32m.&amp#27;[0m&amp#27;[32m.&amp#27;[0m]]></system-out>
    <system-err><![CDATA[Starting ChromeDriver 98.0.4758.80 (7f0488e8ba0d8e019187c6325a16c29d9b7f4989-refs/branch-heads/4758@{#972}) on port 8556
Only local connections are allowed.
Please see https://chromedriver.chromium.org/security-considerations for suggestions on keeping ChromeDriver safe.
ChromeDriver was started successfully.
[1648265851.999][WARNING]: This version of ChromeDriver has not been tested with Chrome version 99.
Mar 26, 2022 9:07:32 AM org.openqa.selenium.remote.ProtocolHandshake createSession
INFO: Detected dialect: W3C
log4j:ERROR Failed to rename [./Logs/nobroker.log] to [./Logs/nobroker.log.2022-03-26 09:07:00].
]]></system-err>
  </testcase>
  <testcase name="search property to rent open property map" classname="search property" time="11.726">
    <system-out><![CDATA[&amp#27;[32m.&amp#27;[0m2022-03-26 09:08:11 INFO  BaseClass:19 - Open NoBroker
2022-03-26 09:08:13 INFO  BaseClass:19 - NoBroker as opened
&amp#27;[32m.&amp#27;[0m2022-03-26 09:08:13 INFO  HomePage:19 - Clicking on rent option
2022-03-26 09:08:14 INFO  HomePage:19 - rent is selected
&amp#27;[32m.&amp#27;[0m2022-03-26 09:08:14 INFO  HomePage:19 - Clicking on city dropdown and selecting Bangalore
2022-03-26 09:08:14 INFO  HomePage:19 - Bangalore selected
&amp#27;[32m.&amp#27;[0m2022-03-26 09:08:14 INFO  HomePage:19 - Clicking on full house option
2022-03-26 09:08:14 INFO  HomePage:19 - full house is selected
&amp#27;[32m.&amp#27;[0m2022-03-26 09:08:14 INFO  HomePage:19 - Clicking on dropdown and selecting 1 RK
2022-03-26 09:08:14 INFO  HomePage:19 - 1 RK is selected
2022-03-26 09:08:14 INFO  HomePage:19 - Clicking on dropdown and selecting Immediate
2022-03-26 09:08:15 INFO  HomePage:19 - Immediate is selected
&amp#27;[32m.&amp#27;[0m2022-03-26 09:08:15 INFO  HomePage:19 - Typing Basavanagudi, Bengaluru, Karnataka, India in search bar and clicking on search button
2022-03-26 09:08:17 INFO  HomePage:19 - Property list page is  opened
&amp#27;[32m.&amp#27;[0m2022-03-26 09:08:17 INFO  HomePage:19 - Clicking on map display
2022-03-26 09:08:18 INFO  HomePage:19 - map is selected
2022-03-26 09:08:18 INFO  HomePage:19 - Clicking on fullscreen button on the map
2022-03-26 09:08:21 INFO  HomePage:19 - Map has opened in fullscreen
&amp#27;[32m.&amp#27;[0m&amp#27;[32m.&amp#27;[0m]]></system-out>
    <system-err><![CDATA[Starting ChromeDriver 98.0.4758.80 (7f0488e8ba0d8e019187c6325a16c29d9b7f4989-refs/branch-heads/4758@{#972}) on port 31429
Only local connections are allowed.
Please see https://chromedriver.chromium.org/security-considerations for suggestions on keeping ChromeDriver safe.
ChromeDriver was started successfully.
[1648265891.176][WARNING]: This version of ChromeDriver has not been tested with Chrome version 99.
Mar 26, 2022 9:08:11 AM org.openqa.selenium.remote.ProtocolHandshake createSession
INFO: Detected dialect: W3C
]]></system-err>
  </testcase>
  <testcase name="click on emi calculator in footer and calculate emi" classname="Emi calculator" time="6.468">
    <system-out><![CDATA[&amp#27;[32m.&amp#27;[0m2022-03-26 09:07:15 INFO  BaseClass:19 - Open NoBroker
2022-03-26 09:07:17 INFO  BaseClass:19 - NoBroker as opened
&amp#27;[32m.&amp#27;[0m2022-03-26 09:07:17 INFO  Footer:19 - Clicking on emi calculator
2022-03-26 09:07:19 INFO  Footer:19 - Emi calculator page has opened
&amp#27;[32m.&amp#27;[0m2022-03-26 09:07:19 INFO  HomePage:19 - Entering 200040 loan amount
&amp#27;[32m.&amp#27;[0m2022-03-26 09:07:19 INFO  HomePage:19 - Entering 10 rate of interest
&amp#27;[32m.&amp#27;[0m2022-03-26 09:07:20 INFO  HomePage:19 - Entering 30 loan tenure
&amp#27;[32m.&amp#27;[0m2022-03-26 09:07:20 INFO  HomePage:19 - Emi is calculated
&amp#27;[32m.&amp#27;[0m&amp#27;[32m.&amp#27;[0m]]></system-out>
    <system-err><![CDATA[Starting ChromeDriver 98.0.4758.80 (7f0488e8ba0d8e019187c6325a16c29d9b7f4989-refs/branch-heads/4758@{#972}) on port 30307
Only local connections are allowed.
Please see https://chromedriver.chromium.org/security-considerations for suggestions on keeping ChromeDriver safe.
ChromeDriver was started successfully.
[1648265835.192][WARNING]: This version of ChromeDriver has not been tested with Chrome version 99.
Mar 26, 2022 9:07:15 AM org.openqa.selenium.remote.ProtocolHandshake createSession
INFO: Detected dialect: W3C
]]></system-err>
  </testcase>
  <testcase name="click on menu and goto wallet" classname="Interior" time="10.387">
    <system-out><![CDATA[&amp#27;[32m.&amp#27;[0m&amp#27;[32m.&amp#27;[0m2022-03-26 09:07:22 INFO  BaseClass:19 - Open NoBroker
2022-03-26 09:07:23 INFO  BaseClass:19 - NoBroker as opened
&amp#27;[32m.&amp#27;[0m2022-03-26 09:07:23 INFO  HomePage:19 - Clicking on Hamburger menu
2022-03-26 09:07:23 INFO  HomePage:19 - Menu is open
&amp#27;[32m.&amp#27;[0m2022-03-26 09:07:23 INFO  HomePage:19 - Clicking on Home Services and Interiors
2022-03-26 09:07:29 INFO  HomePage:19 - Interiors page has opened
&amp#27;[32m.&amp#27;[0m2022-03-26 09:07:29 INFO  HomePage:19 - Clicking on Rooms to see photos
2022-03-26 09:07:30 INFO  HomePage:19 - Room photos are displayed
&amp#27;[32m.&amp#27;[0m&amp#27;[32m.&amp#27;[0m]]></system-out>
    <system-err><![CDATA[Starting ChromeDriver 98.0.4758.80 (7f0488e8ba0d8e019187c6325a16c29d9b7f4989-refs/branch-heads/4758@{#972}) on port 11197
Only local connections are allowed.
Please see https://chromedriver.chromium.org/security-considerations for suggestions on keeping ChromeDriver safe.
ChromeDriver was started successfully.
[1648265841.616][WARNING]: This version of ChromeDriver has not been tested with Chrome version 99.
Mar 26, 2022 9:07:21 AM org.openqa.selenium.remote.ProtocolHandshake createSession
INFO: Detected dialect: W3C
]]></system-err>
  </testcase>
  <testcase name="click on menu and goto wallet" classname="Wallet" time="4.801">
    <system-out><![CDATA[&amp#27;[32m.&amp#27;[0m&amp#27;[32m.&amp#27;[0m2022-03-26 09:08:23 INFO  BaseClass:19 - Open NoBroker
2022-03-26 09:08:24 INFO  BaseClass:19 - NoBroker as opened
&amp#27;[32m.&amp#27;[0m2022-03-26 09:08:24 INFO  HomePage:19 - Clicking on Hamburger menu
2022-03-26 09:08:24 INFO  HomePage:19 - Menu is open
&amp#27;[32m.&amp#27;[0m2022-03-26 09:08:24 INFO  HomePage:19 - Clicking on NBcash and wallet summary
2022-03-26 09:08:25 INFO  HomePage:19 - Wallet Summary page has opened
&amp#27;[32m.&amp#27;[0m2022-03-26 09:08:25 INFO  HomePage:19 - Cliking on Join club
2022-03-26 09:08:26 INFO  HomePage:19 - Wallet club page has opened
&amp#27;[32m.&amp#27;[0m&amp#27;[32m.&amp#27;[0m]]></system-out>
    <system-err><![CDATA[Starting ChromeDriver 98.0.4758.80 (7f0488e8ba0d8e019187c6325a16c29d9b7f4989-refs/branch-heads/4758@{#972}) on port 38423
Only local connections are allowed.
Please see https://chromedriver.chromium.org/security-considerations for suggestions on keeping ChromeDriver safe.
ChromeDriver was started successfully.
[1648265903.032][WARNING]: This version of ChromeDriver has not been tested with Chrome version 99.
Mar 26, 2022 9:08:23 AM org.openqa.selenium.remote.ProtocolHandshake createSession
INFO: Detected dialect: W3C
]]></system-err>
  </testcase>
</testsuite>